#
# There is insufficient memory for the Java Runtime Environment to continue.
# Native memory allocation (malloc) failed to allocate 32756 bytes for ChunkPool::allocate
# Possible reasons:
#   The system is out of physical RAM or swap space
#   In 32 bit mode, the process size limit was hit
# Possible solutions:
#   Reduce memory load on the system
#   Increase physical memory or swap space
#   Check if swap backing store is full
#   Use 64 bit Java on a 64 bit OS
#   Decrease Java heap size (-Xmx/-Xms)
#   Decrease number of Java threads
#   Decrease Java thread stack sizes (-Xss)
#   Set larger code cache with -XX:ReservedCodeCacheSize=
# This output file may be truncated or incomplete.
#
#  Out of Memory Error (allocation.cpp:273), pid=12368, tid=0x00000554
#
# JRE version: Java(TM) SE Runtime Environment (8.0_191-b12) (build 1.8.0_191-b12)
# Java VM: Java HotSpot(TM) Client VM (25.191-b12 mixed mode windows-x86 )
# Failed to write core dump. Minidumps are not enabled by default on client versions of Windows
#

---------------  T H R E A D  ---------------

Current thread (0x25a6b000):  JavaThread "C1 CompilerThread0" daemon [_thread_in_native, id=1364, stack(0x26080000,0x260d0000)]

Stack: [0x26080000,0x260d0000],  sp=0x260cf1e8,  free space=316k
Native frames: (J=compiled Java code, j=interpreted, Vv=VM code, C=native code)
V  [jvm.dll+0x1acfeb]
V  [jvm.dll+0x1a56c8]
V  [jvm.dll+0x8de91]
V  [jvm.dll+0x8e06d]
V  [jvm.dll+0x8e4e7]
V  [jvm.dll+0x28a1b2]
V  [jvm.dll+0x295ba7]
V  [jvm.dll+0x29af49]
V  [jvm.dll+0x29b976]
V  [jvm.dll+0x29f98d]
V  [jvm.dll+0x29fadb]
V  [jvm.dll+0x28cf42]
V  [jvm.dll+0x28d12b]
V  [jvm.dll+0x28d27a]
V  [jvm.dll+0x28d3e8]
V  [jvm.dll+0x28d662]
V  [jvm.dll+0x7157a]
V  [jvm.dll+0x71d2f]
V  [jvm.dll+0x17f550]
V  [jvm.dll+0x17fdca]
V  [jvm.dll+0x1c57a6]
C  [msvcr100.dll+0x5c556]
C  [msvcr100.dll+0x5c600]
C  [KERNEL32.DLL+0x16359]
C  [ntdll.dll+0x67b74]
C  [ntdll.dll+0x67b44]
C  0x00000000


Current CompileTask:
C1: 224648 3837             processing.app.EditorHeader::paintComponent (676 bytes)


---------------  P R O C E S S  ---------------

Java Threads: ( => current thread )
  0x29520000 JavaThread "Thread-25" [_thread_blocked, id=72, stack(0x26fc0000,0x27010000)]
  0x2951f000 JavaThread "DestroyJavaVM" [_thread_blocked, id=13300, stack(0x02200000,0x02250000)]
  0x27aaac00 JavaThread "TimerQueue" daemon [_thread_blocked, id=6576, stack(0x2a730000,0x2a780000)]
  0x27aaa400 JavaThread "AWT-EventQueue-0" [_thread_in_native, id=12416, stack(0x2a1e0000,0x2a230000)]
  0x27aaa000 JavaThread "AWT-Shutdown" [_thread_blocked, id=7248, stack(0x2a150000,0x2a1a0000)]
  0x27aac000 JavaThread "Batik CleanerThread" daemon [_thread_blocked, id=4388, stack(0x28e30000,0x28e80000)]
  0x279abc00 JavaThread "JmDNS(DESKTOP-LQHOEAT.local.).State.Timer" [_thread_blocked, id=10456, stack(0x288c0000,0x28910000)]
  0x279ab400 JavaThread "JmDNS(DESKTOP-LQHOEAT.local.).Timer" daemon [_thread_blocked, id=5524, stack(0x28830000,0x28880000)]
  0x2791dc00 JavaThread "SocketListener(DESKTOP-LQHOEAT.local.)" daemon [_thread_in_native, id=3616, stack(0x287a0000,0x287f0000)]
  0x262e1000 JavaThread "Multihomed mDNS.Timer" daemon [_thread_blocked, id=8436, stack(0x284f0000,0x28540000)]
  0x26240400 JavaThread "cc.arduino.packages.discoverers.serial.SerialDiscovery" [_thread_blocked, id=10912, stack(0x28610000,0x28660000)]
  0x264e2400 JavaThread "AWT-Windows" daemon [_thread_in_native, id=10792, stack(0x26900000,0x26950000)]
  0x264e1400 JavaThread "Java2D Disposer" daemon [_thread_blocked, id=6880, stack(0x267e0000,0x26830000)]
  0x25a8fc00 JavaThread "Service Thread" daemon [_thread_blocked, id=4496, stack(0x26110000,0x26160000)]
=>0x25a6b000 JavaThread "C1 CompilerThread0" daemon [_thread_in_native, id=1364, stack(0x26080000,0x260d0000)]
  0x25a66c00 JavaThread "Attach Listener" daemon [_thread_blocked, id=7108, stack(0x25ff0000,0x26040000)]
  0x25a39c00 JavaThread "Signal Dispatcher" daemon [_thread_blocked, id=6844, stack(0x25f60000,0x25fb0000)]
  0x25a1c000 JavaThread "Finalizer" daemon [_thread_blocked, id=7552, stack(0x25c40000,0x25c90000)]
  0x25a16400 JavaThread "Reference Handler" daemon [_thread_blocked, id=10716, stack(0x251b0000,0x25200000)]

Other Threads:
  0x25a01000 VMThread [stack: 0x25020000,0x25070000] [id=6696]
  0x25a9b000 WatcherThread [stack: 0x261a0000,0x261f0000] [id=9864]

VM state:not at safepoint (normal execution)

VM Mutex/Monitor currently owned by a thread: None

Heap:
 def new generation   total 39424K, used 34155K [0x04a00000, 0x074c0000, 0x0f4a0000)
  eden space 35072K,  84% used [0x04a00000, 0x0671afb0, 0x06c40000)
  from space 4352K, 100% used [0x06c40000, 0x07080000, 0x07080000)
  to   space 4352K,   0% used [0x07080000, 0x07080000, 0x074c0000)
 tenured generation   total 87424K, used 83730K [0x0f4a0000, 0x14a00000, 0x24a00000)
   the space 87424K,  95% used [0x0f4a0000, 0x14664bb0, 0x14664c00, 0x14a00000)
 Metaspace       used 25582K, capacity 26337K, committed 26368K, reserved 27008K

Card table byte_map: [0x24a00000,0x24b10000] byte_map_base: 0x249db000

Polling page: 0x00820000

CodeCache: size=32768Kb used=3327Kb max_used=5327Kb free=29441Kb
 bounds [0x02860000, 0x02d98000, 0x04860000]
 total_blobs=1967 nmethods=1670 adapters=224
 compilation: enabled

Compilation events (10 events):
Event: 224.562 Thread 0x25a6b000 nmethod 3832 0x02c50c88 code [0x02c50da0, 0x02c50e94]
Event: 224.562 Thread 0x25a6b000 3833             sun.java2d.SunGraphics2D::clipRect (17 bytes)
Event: 224.563 Thread 0x25a6b000 nmethod 3833 0x02c50908 code [0x02c50a20, 0x02c50b74]
Event: 224.563 Thread 0x25a6b000 3834             sun.java2d.SunGraphics2D::intersectShapes (76 bytes)
Event: 224.563 Thread 0x25a6b000 nmethod 3834 0x02c2d9c8 code [0x02c2db10, 0x02c2ddb0]
Event: 224.564 Thread 0x25a6b000 3835             sun.font.FileFontStrike::getGlyphImagePtr (126 bytes)
Event: 224.565 Thread 0x25a6b000 nmethod 3835 0x029278c8 code [0x02927b60, 0x029287a4]
Event: 224.565 Thread 0x25a6b000 3836   !         sun.font.FileFontStrike::getCachedGlyphPtr (27 bytes)
Event: 224.565 Thread 0x25a6b000 nmethod 3836 0x02c2d288 code [0x02c2d3d0, 0x02c2d730]
Event: 224.566 Thread 0x25a6b000 3837             processing.app.EditorHeader::paintComponent (676 bytes)

GC Heap History (10 events):
Event: 10.434 GC heap before
{Heap before GC invocations=13 (full 1):
 def new generation   total 39424K, used 21086K [0x04a00000, 0x074c0000, 0x0f4a0000)
  eden space 35072K,  49% used [0x04a00000, 0x05af4590, 0x06c40000)
  from space 4352K,  85% used [0x06c40000, 0x06fe3460, 0x07080000)
  to   space 4352K,   0% used [0x07080000, 0x07080000, 0x074c0000)
 tenured generation   total 87424K, used 41851K [0x0f4a0000, 0x14a00000, 0x24a00000)
   the space 87424K,  47% used [0x0f4a0000, 0x11d7ee00, 0x11d7ee00, 0x14a00000)
 Metaspace       used 19890K, capacity 20449K, committed 20480K, reserved 20864K
Event: 10.525 GC heap after
Heap after GC invocations=14 (full 2):
 def new generation   total 39424K, used 0K [0x04a00000, 0x074c0000, 0x0f4a0000)
  eden space 35072K,   0% used [0x04a00000, 0x04a00000, 0x06c40000)
  from space 4352K,   0% used [0x06c40000, 0x06c40000, 0x07080000)
  to   space 4352K,   0% used [0x07080000, 0x07080000, 0x074c0000)
 tenured generation   total 87424K, used 45267K [0x0f4a0000, 0x14a00000, 0x24a00000)
   the space 87424K,  51% used [0x0f4a0000, 0x120d4d30, 0x120d4e00, 0x14a00000)
 Metaspace       used 19890K, capacity 20449K, committed 20480K, reserved 20864K
}
Event: 22.729 GC heap before
{Heap before GC invocations=14 (full 2):
 def new generation   total 39424K, used 35072K [0x04a00000, 0x074c0000, 0x0f4a0000)
  eden space 35072K, 100% used [0x04a00000, 0x06c40000, 0x06c40000)
  from space 4352K,   0% used [0x06c40000, 0x06c40000, 0x07080000)
  to   space 4352K,   0% used [0x07080000, 0x07080000, 0x074c0000)
 tenured generation   total 87424K, used 45267K [0x0f4a0000, 0x14a00000, 0x24a00000)
   the space 87424K,  51% used [0x0f4a0000, 0x120d4d30, 0x120d4e00, 0x14a00000)
 Metaspace       used 23599K, capacity 24226K, committed 24320K, reserved 24960K
Event: 22.752 GC heap after
Heap after GC invocations=15 (full 2):
 def new generation   total 39424K, used 4352K [0x04a00000, 0x074c0000, 0x0f4a0000)
  eden space 35072K,   0% used [0x04a00000, 0x04a00000, 0x06c40000)
  from space 4352K, 100% used [0x07080000, 0x074c0000, 0x074c0000)
  to   space 4352K,   0% used [0x06c40000, 0x06c40000, 0x07080000)
 tenured generation   total 87424K, used 54895K [0x0f4a0000, 0x14a00000, 0x24a00000)
   the space 87424K,  62% used [0x0f4a0000, 0x12a3bf70, 0x12a3c000, 0x14a00000)
 Metaspace       used 23599K, capacity 24226K, committed 24320K, reserved 24960K
}
Event: 84.420 GC heap before
{Heap before GC invocations=15 (full 2):
 def new generation   total 39424K, used 39284K [0x04a00000, 0x074c0000, 0x0f4a0000)
  eden space 35072K,  99% used [0x04a00000, 0x06c1d298, 0x06c40000)
  from space 4352K, 100% used [0x07080000, 0x074c0000, 0x074c0000)
  to   space 4352K,   0% used [0x06c40000, 0x06c40000, 0x07080000)
 tenured generation   total 87424K, used 54895K [0x0f4a0000, 0x14a00000, 0x24a00000)
   the space 87424K,  62% used [0x0f4a0000, 0x12a3bf70, 0x12a3c000, 0x14a00000)
 Metaspace       used 24750K, capacity 25449K, committed 25472K, reserved 25984K
Event: 84.437 GC heap after
Heap after GC invocations=16 (full 2):
 def new generation   total 39424K, used 2269K [0x04a00000, 0x074c0000, 0x0f4a0000)
  eden space 35072K,   0% used [0x04a00000, 0x04a00000, 0x06c40000)
  from space 4352K,  52% used [0x06c40000, 0x06e77630, 0x07080000)
  to   space 4352K,   0% used [0x07080000, 0x07080000, 0x074c0000)
 tenured generation   total 87424K, used 66922K [0x0f4a0000, 0x14a00000, 0x24a00000)
   the space 87424K,  76% used [0x0f4a0000, 0x135fa900, 0x135faa00, 0x14a00000)
 Metaspace       used 24750K, capacity 25449K, committed 25472K, reserved 25984K
}
Event: 84.574 GC heap before
{Heap before GC invocations=16 (full 2):
 def new generation   total 39424K, used 37341K [0x04a00000, 0x074c0000, 0x0f4a0000)
  eden space 35072K, 100% used [0x04a00000, 0x06c40000, 0x06c40000)
  from space 4352K,  52% used [0x06c40000, 0x06e77630, 0x07080000)
  to   space 4352K,   0% used [0x07080000, 0x07080000, 0x074c0000)
 tenured generation   total 87424K, used 66922K [0x0f4a0000, 0x14a00000, 0x24a00000)
   the space 87424K,  76% used [0x0f4a0000, 0x135fa900, 0x135faa00, 0x14a00000)
 Metaspace       used 24794K, capacity 25531K, committed 25600K, reserved 25984K
Event: 84.589 GC heap after
Heap after GC invocations=17 (full 2):
 def new generation   total 39424K, used 4352K [0x04a00000, 0x074c0000, 0x0f4a0000)
  eden space 35072K,   0% used [0x04a00000, 0x04a00000, 0x06c40000)
  from space 4352K, 100% used [0x07080000, 0x074c0000, 0x074c0000)
  to   space 4352K,   0% used [0x06c40000, 0x06c40000, 0x07080000)
 tenured generation   total 87424K, used 71393K [0x0f4a0000, 0x14a00000, 0x24a00000)
   the space 87424K,  81% used [0x0f4a0000, 0x13a587f8, 0x13a58800, 0x14a00000)
 Metaspace       used 24794K, capacity 25531K, committed 25600K, reserved 25984K
}
Event: 171.955 GC heap before
{Heap before GC invocations=17 (full 2):
 def new generation   total 39424K, used 39424K [0x04a00000, 0x074c0000, 0x0f4a0000)
  eden space 35072K, 100% used [0x04a00000, 0x06c40000, 0x06c40000)
  from space 4352K, 100% used [0x07080000, 0x074c0000, 0x074c0000)
  to   space 4352K,   0% used [0x06c40000, 0x06c40000, 0x07080000)
 tenured generation   total 87424K, used 71393K [0x0f4a0000, 0x14a00000, 0x24a00000)
   the space 87424K,  81% used [0x0f4a0000, 0x13a587f8, 0x13a58800, 0x14a00000)
 Metaspace       used 25367K, capacity 26110K, committed 26240K, reserved 27008K
Event: 172.004 GC heap after
Heap after GC invocations=18 (full 2):
 def new generation   total 39424K, used 4352K [0x04a00000, 0x074c0000, 0x0f4a0000)
  eden space 35072K,   0% used [0x04a00000, 0x04a00000, 0x06c40000)
  from space 4352K, 100% used [0x06c40000, 0x07080000, 0x07080000)
  to   space 4352K,   0% used [0x07080000, 0x07080000, 0x074c0000)
 tenured generation   total 87424K, used 83730K [0x0f4a0000, 0x14a00000, 0x24a00000)
   the space 87424K,  95% used [0x0f4a0000, 0x14664bb0, 0x14664c00, 0x14a00000)
 Metaspace       used 25367K, capacity 26110K, committed 26240K, reserved 27008K
}

Deoptimization events (0 events):
No events

Classes redefined (0 events):
No events

Internal exceptions (10 events):
Event: 222.162 Thread 0x27aaa400 Exception <a 'java/io/IOException'> (0x064706e0) thrown at [C:\workspace\8-2-build-windows-i586-cygwin\jdk8u191\11896\hotspot\src\share\vm\prims\jni.cpp, line 709]
Event: 222.162 Thread 0x27aaa400 Exception <a 'java/io/IOException'> (0x06470d40) thrown at [C:\workspace\8-2-build-windows-i586-cygwin\jdk8u191\11896\hotspot\src\share\vm\prims\jni.cpp, line 709]
Event: 222.162 Thread 0x27aaa400 Exception <a 'java/io/IOException'> (0x06471198) thrown at [C:\workspace\8-2-build-windows-i586-cygwin\jdk8u191\11896\hotspot\src\share\vm\prims\jni.cpp, line 709]
Event: 222.162 Thread 0x27aaa400 Exception <a 'java/io/IOException'> (0x064717f8) thrown at [C:\workspace\8-2-build-windows-i586-cygwin\jdk8u191\11896\hotspot\src\share\vm\prims\jni.cpp, line 709]
Event: 222.162 Thread 0x27aaa400 Exception <a 'java/io/IOException'> (0x06471c50) thrown at [C:\workspace\8-2-build-windows-i586-cygwin\jdk8u191\11896\hotspot\src\share\vm\prims\jni.cpp, line 709]
Event: 222.227 Thread 0x2951c400 Exception <a 'java/io/IOException'> (0x064c4370) thrown at [C:\workspace\8-2-build-windows-i586-cygwin\jdk8u191\11896\hotspot\src\share\vm\prims\jni.cpp, line 709]
Event: 222.227 Thread 0x2951c400 Exception <a 'java/io/IOException'> (0x064c45e8) thrown at [C:\workspace\8-2-build-windows-i586-cygwin\jdk8u191\11896\hotspot\src\share\vm\prims\jni.cpp, line 709]
Event: 222.228 Thread 0x2951c400 Exception <a 'java/io/IOException'> (0x064c4ed8) thrown at [C:\workspace\8-2-build-windows-i586-cygwin\jdk8u191\11896\hotspot\src\share\vm\prims\jni.cpp, line 709]
Event: 222.229 Thread 0x2951c400 Exception <a 'java/io/IOException'> (0x064c5338) thrown at [C:\workspace\8-2-build-windows-i586-cygwin\jdk8u191\11896\hotspot\src\share\vm\prims\jni.cpp, line 709]
Event: 222.229 Thread 0x2951c400 Exception <a 'java/io/IOException'> (0x064c55b0) thrown at [C:\workspace\8-2-build-windows-i586-cygwin\jdk8u191\11896\hotspot\src\share\vm\prims\jni.cpp, line 709]

Events (10 events):
Event: 223.737 Thread 0x25a6b000 flushing nmethod 0x02a06588
Event: 224.357 Thread 0x25a6b000 flushing nmethod 0x02c50548
Event: 224.357 Thread 0x25a6b000 flushing nmethod 0x02c50708
Event: 224.357 Thread 0x25a6b000 flushing nmethod 0x02c508c8
Event: 224.357 Thread 0x25a6b000 flushing nmethod 0x02c50b88
Event: 224.357 Thread 0x25a6b000 flushing nmethod 0x02c50d88
Event: 224.399 loading class javax/swing/plaf/basic/BasicSplitPaneDivider$VerticalDragController
Event: 224.400 loading class javax/swing/plaf/basic/BasicSplitPaneDivider$DragController
Event: 224.400 loading class javax/swing/plaf/basic/BasicSplitPaneDivider$DragController done
Event: 224.400 loading class javax/swing/plaf/basic/BasicSplitPaneDivider$VerticalDragController done


Dynamic libraries:
0x00320000 - 0x00353000 	C:\Program Files (x86)\Arduino\java\bin\javaw.exe
0x77dd0000 - 0x77f6a000 	C:\WINDOWS\SYSTEM32\ntdll.dll
0x774a0000 - 0x77580000 	C:\WINDOWS\System32\KERNEL32.DLL
0x76130000 - 0x7632c000 	C:\WINDOWS\System32\KERNELBASE.dll
0x75980000 - 0x759f9000 	C:\WINDOWS\System32\ADVAPI32.dll
0x75880000 - 0x7593f000 	C:\WINDOWS\System32\msvcrt.dll
0x77580000 - 0x775f6000 	C:\WINDOWS\System32\sechost.dll
0x766d0000 - 0x7678b000 	C:\WINDOWS\System32\RPCRT4.dll
0x755a0000 - 0x755c0000 	C:\WINDOWS\System32\SspiCli.dll
0x75590000 - 0x7559a000 	C:\WINDOWS\System32\CRYPTBASE.dll
0x76520000 - 0x7657f000 	C:\WINDOWS\System32\bcryptPrimitives.dll
0x77600000 - 0x77797000 	C:\WINDOWS\System32\USER32.dll
0x763f0000 - 0x76407000 	C:\WINDOWS\System32\win32u.dll
0x77af0000 - 0x77b11000 	C:\WINDOWS\System32\GDI32.dll
0x77820000 - 0x7797a000 	C:\WINDOWS\System32\gdi32full.dll
0x75670000 - 0x756ec000 	C:\WINDOWS\System32\msvcp_win.dll
0x77b20000 - 0x77c3f000 	C:\WINDOWS\System32\ucrtbase.dll
0x747a0000 - 0x749af000 	C:\WINDOWS\WinSxS\x86_microsoft.windows.common-controls_6595b64144ccf1df_6.0.18362.476_none_2e71e7f2278b4e9b\COMCTL32.dll
0x75eb0000 - 0x76126000 	C:\WINDOWS\System32\combase.dll
0x75940000 - 0x75965000 	C:\WINDOWS\System32\IMM32.DLL
0x6f430000 - 0x6f4ef000 	C:\Program Files (x86)\Arduino\java\bin\msvcr100.dll
0x5f980000 - 0x5fd53000 	C:\Program Files (x86)\Arduino\java\bin\client\jvm.dll
0x76e00000 - 0x76e06000 	C:\WINDOWS\System32\PSAPI.DLL
0x74ee0000 - 0x74ee8000 	C:\WINDOWS\SYSTEM32\VERSION.dll
0x707d0000 - 0x707f4000 	C:\WINDOWS\SYSTEM32\WINMM.dll
0x70a80000 - 0x70a88000 	C:\WINDOWS\SYSTEM32\WSOCK32.dll
0x777c0000 - 0x7781e000 	C:\WINDOWS\System32\WS2_32.dll
0x707a0000 - 0x707c3000 	C:\WINDOWS\SYSTEM32\winmmbase.dll
0x76350000 - 0x7638b000 	C:\WINDOWS\System32\cfgmgr32.dll
0x74a20000 - 0x74a50000 	C:\Program Files (x86)\Arduino\java\bin\splashscreen.dll
0x74720000 - 0x7479a000 	C:\WINDOWS\system32\uxtheme.dll
0x74a10000 - 0x74a1c000 	C:\Program Files (x86)\Arduino\java\bin\verify.dll
0x73d70000 - 0x73d92000 	C:\Program Files (x86)\Arduino\java\bin\java.dll
0x76e10000 - 0x76f13000 	C:\WINDOWS\System32\MSCTF.dll
0x77d20000 - 0x77db2000 	C:\WINDOWS\System32\OLEAUT32.dll
0x73d50000 - 0x73d64000 	C:\Program Files (x86)\Arduino\java\bin\zip.dll
0x75970000 - 0x7597f000 	C:\WINDOWS\System32\kernel.appcore.dll
0x6ecf0000 - 0x6ed74000 	C:\WINDOWS\System32\TextInputFramework.dll
0x6ea00000 - 0x6ec5e000 	C:\WINDOWS\System32\CoreUIComponents.dll
0x6ec60000 - 0x6ece9000 	C:\WINDOWS\System32\CoreMessaging.dll
0x757f0000 - 0x75874000 	C:\WINDOWS\System32\SHCORE.dll
0x74d80000 - 0x74da9000 	C:\WINDOWS\SYSTEM32\ntmarta.dll
0x73df0000 - 0x73eca000 	C:\WINDOWS\SYSTEM32\wintypes.dll
0x735d0000 - 0x737f9000 	C:\WINDOWS\System32\iertutil.dll
0x756f0000 - 0x757e7000 	C:\WINDOWS\System32\ole32.dll
0x76580000 - 0x76600000 	C:\WINDOWS\System32\clbcatq.dll
0x76f20000 - 0x7749a000 	C:\WINDOWS\System32\SHELL32.dll
0x767a0000 - 0x76d65000 	C:\WINDOWS\System32\windows.storage.dll
0x77d00000 - 0x77d17000 	C:\WINDOWS\System32\profapi.dll
0x77cb0000 - 0x77cf3000 	C:\WINDOWS\System32\powrprof.dll
0x76790000 - 0x7679d000 	C:\WINDOWS\System32\UMPDC.dll
0x77c60000 - 0x77ca4000 	C:\WINDOWS\System32\shlwapi.dll
0x76330000 - 0x76343000 	C:\WINDOWS\System32\cryptsp.dll
0x75010000 - 0x750d5000 	C:\WINDOWS\SYSTEM32\PROPSYS.dll
0x74060000 - 0x740ff000 	C:\WINDOWS\SYSTEM32\apphelp.dll
0x6e590000 - 0x6e5cd000 	C:\WINDOWS\system32\IME\IMETC\IMTCCFG.DLL
0x6e4b0000 - 0x6e58f000 	C:\WINDOWS\system32\IME\IMETC\IMTCCORE.DLL
0x76410000 - 0x7650b000 	C:\WINDOWS\System32\CRYPT32.dll
0x76510000 - 0x7651e000 	C:\WINDOWS\System32\MSASN1.dll
0x70770000 - 0x70791000 	C:\WINDOWS\SYSTEM32\ncrypt.dll
0x77c40000 - 0x77c59000 	C:\WINDOWS\System32\bcrypt.dll
0x706f0000 - 0x70718000 	C:\WINDOWS\SYSTEM32\NTASN1.dll
0x61940000 - 0x619b3000 	C:\Program Files (x86)\Arduino\lib\listSerialsj.dll
0x75a60000 - 0x75ea9000 	C:\WINDOWS\System32\SETUPAPI.dll
0x73d30000 - 0x73d4d000 	C:\Program Files (x86)\Arduino\lib\jnidispatch-4.2.2-win32-x86.dll
0x73c70000 - 0x73c85000 	C:\Program Files (x86)\Arduino\java\bin\net.dll
0x74db0000 - 0x74e02000 	C:\WINDOWS\system32\mswsock.dll
0x73d20000 - 0x73d2f000 	C:\Program Files (x86)\Arduino\java\bin\nio.dll
0x5f610000 - 0x5f757000 	C:\Program Files (x86)\Arduino\java\bin\awt.dll
0x72090000 - 0x720b5000 	C:\WINDOWS\system32\DWMAPI.DLL
0x6f3f0000 - 0x6f429000 	C:\Program Files (x86)\Arduino\java\bin\fontmanager.dll
0x5f4b0000 - 0x5f5af000 	C:\WINDOWS\system32\opengl32.dll
0x5f470000 - 0x5f4af000 	C:\WINDOWS\SYSTEM32\GLU32.dll
0x668e0000 - 0x668f9000 	C:\WINDOWS\SYSTEM32\dxcore.dll
0x5f940000 - 0x5f972000 	C:\Program Files (x86)\Arduino\java\bin\t2k.dll
0x6f1d0000 - 0x6f1da000 	C:\Program Files (x86)\Arduino\java\bin\management.dll
0x5f8e0000 - 0x5f8f1000 	C:\WINDOWS\system32\napinsp.dll
0x5f320000 - 0x5f336000 	C:\WINDOWS\system32\pnrpnsp.dll
0x70650000 - 0x706e1000 	C:\WINDOWS\SYSTEM32\DNSAPI.dll
0x76600000 - 0x76607000 	C:\WINDOWS\System32\NSI.dll
0x74fd0000 - 0x75002000 	C:\WINDOWS\SYSTEM32\IPHLPAPI.DLL
0x5f310000 - 0x5f31b000 	C:\WINDOWS\System32\winrnr.dll
0x5f2f0000 - 0x5f306000 	C:\WINDOWS\system32\NLAapi.dll
0x5f2e0000 - 0x5f2f0000 	C:\WINDOWS\system32\wshbth.dll
0x6fbe0000 - 0x6fc31000 	C:\WINDOWS\System32\fwpuclnt.dll
0x73db0000 - 0x73db8000 	C:\Windows\System32\rasadhlp.dll
0x73800000 - 0x73813000 	C:\WINDOWS\SYSTEM32\dhcpcsvc6.DLL
0x73c10000 - 0x73c25000 	C:\WINDOWS\SYSTEM32\dhcpcsvc.DLL
0x749b0000 - 0x749df000 	C:\WINDOWS\system32\rsaenh.dll
0x74ef0000 - 0x74f0e000 	C:\WINDOWS\SYSTEM32\USERENV.dll
0x5f400000 - 0x5f423000 	C:\WINDOWS\SYSTEM32\DEVOBJ.dll
0x75620000 - 0x75666000 	C:\WINDOWS\System32\WINTRUST.dll
0x5f920000 - 0x5f940000 	C:\Program Files (x86)\Arduino\java\bin\sunec.dll
0x5f910000 - 0x5f919000 	C:\Program Files (x86)\Arduino\java\bin\sunmscapi.dll
0x585c0000 - 0x58629000 	C:\Program Files (x86)\Arduino\msvcp100.dll
0x58500000 - 0x585be000 	C:\Program Files (x86)\Arduino\msvcr100.dll
0x28aa0000 - 0x28ad2000 	C:\Program Files (x86)\Arduino\lib\AStylej.dll
0x5f5e0000 - 0x5f604000 	C:\Program Files (x86)\Arduino\java\bin\dcpr.dll
0x60060000 - 0x601c9000 	C:\WINDOWS\SYSTEM32\WindowsCodecs.dll
0x66080000 - 0x660b1000 	C:\WINDOWS\system32\dataexchange.dll
0x65ea0000 - 0x6607e000 	C:\WINDOWS\system32\d3d11.dll
0x65d30000 - 0x65e99000 	C:\WINDOWS\system32\dcomp.dll
0x65c60000 - 0x65d21000 	C:\WINDOWS\system32\dxgi.dll
0x6f200000 - 0x6f3e4000 	C:\WINDOWS\system32\twinapi.appcore.dll
0x6f1e0000 - 0x6f1ff000 	C:\WINDOWS\system32\RMCLIENT.dll
0x6e8d0000 - 0x6e9f4000 	C:\WINDOWS\system32\IME\IMETC\IMTCTIP.DLL
0x6e6e0000 - 0x6e847000 	C:\WINDOWS\SYSTEM32\DUI70.dll
0x6e850000 - 0x6e8c3000 	C:\WINDOWS\SYSTEM32\policymanager.dll
0x6fa20000 - 0x6fa85000 	C:\WINDOWS\SYSTEM32\msvcp110_win.dll
0x6e5d0000 - 0x6e6dd000 	C:\Windows\System32\IME\shared\imetip.dll
0x6ed80000 - 0x6edd3000 	C:\WINDOWS\SYSTEM32\OLEACC.dll
0x6e480000 - 0x6e4ab000 	C:\Windows\System32\IME\shared\imecfm.dll
0x71fe0000 - 0x72089000 	C:\WINDOWS\SYSTEM32\wer.dll
0x6e2f0000 - 0x6e479000 	C:\Windows\System32\IME\shared\mscand20.dll
0x749f0000 - 0x749f6000 	C:\WINDOWS\SYSTEM32\MSIMG32.dll
0x6e270000 - 0x6e2e7000 	C:\WINDOWS\SYSTEM32\DUser.dll
0x6e070000 - 0x6e263000 	C:\WINDOWS\SYSTEM32\UIAutomationCore.DLL
0x55700000 - 0x55742000 	C:\Windows\System32\IME\SHARED\imelm.dll
0x74130000 - 0x742bf000 	C:\WINDOWS\SYSTEM32\dbghelp.dll

VM Arguments:
jvm_args: -Dsun.java2d.d3d=false -Djna.nosys=true -Djna.nounpack=true -Djna.boot.library.name=jnidispatch-4.2.2-win32-x86 -Djna.boot.library.path=C:\Program Files (x86)\Arduino/lib -Djssc.library.path=C:\Program Files (x86)\Arduino/lib -DAPP_DIR=C:\Program Files (x86)\Arduino -Xms128M -Xmx512M -Dfile.encoding=UTF8 -Djava.net.preferIPv4Stack=true 
java_command: processing.app.Base D:\¤j¥|¤W\esp8266\final_clearv5\final_clearv5.ino
java_class_path (initial): C:\Program Files (x86)\Arduino\lib\apple.jar;C:\Program Files (x86)\Arduino\lib\arduino-core.jar;C:\Program Files (x86)\Arduino\lib\batik-1.8.jar;C:\Program Files (x86)\Arduino\lib\batik-anim-1.8.jar;C:\Program Files (x86)\Arduino\lib\batik-awt-util-1.8.jar;C:\Program Files (x86)\Arduino\lib\batik-bridge-1.8.jar;C:\Program Files (x86)\Arduino\lib\batik-codec-1.8.jar;C:\Program Files (x86)\Arduino\lib\batik-css-1.8.jar;C:\Program Files (x86)\Arduino\lib\batik-dom-1.8.jar;C:\Program Files (x86)\Arduino\lib\batik-ext-1.8.jar;C:\Program Files (x86)\Arduino\lib\batik-gvt-1.8.jar;C:\Program Files (x86)\Arduino\lib\batik-parser-1.8.jar;C:\Program Files (x86)\Arduino\lib\batik-rasterizer-1.8.jar;C:\Program Files (x86)\Arduino\lib\batik-script-1.8.jar;C:\Program Files (x86)\Arduino\lib\batik-squiggle-1.8.jar;C:\Program Files (x86)\Arduino\lib\batik-svg-dom-1.8.jar;C:\Program Files (x86)\Arduino\lib\batik-svgpp-1.8.jar;C:\Program Files (x86)\Arduino\lib\batik-transcoder-1.8.jar;C:\Program Files (x86)\Arduino\lib\batik-util-1.8.jar;C:\Program Files (x86)\Arduino\lib\batik-xml-1.8.jar;C:\Program Files (x86)\Arduino\lib\bcpg-jdk15on-152.jar;C:\Program Files (x86)\Arduino\lib\bcprov-jdk15on-152.jar;C:\Program Files (x86)\Arduino\lib\commons-codec-1.7.jar;C:\Program Files (x86)\Arduino\lib\commons-compress-1.8.jar;C:\Program Files (x86)\Arduino\lib\commons-exec-1.1.jar;C:\Program Files (x86)\Arduino\lib\commons-httpclient-3.1.jar;C:\Program Files (x86)\Arduino\lib\commons-lang3-3.8.1.jar;C:\Program Files (x86)\Arduino\lib\commons-logging-1.0.4.jar;C:\Program Files (x86)\Arduino\lib\commons-net-3.3.jar;C:\Program Files (x86)\Arduino\lib\commons-io-2.6.jar;C:\Program Files (x86)\Arduino\lib\jackson-annotations-2.9.5.jar;C:\Program Files (x86)\Arduino\lib\jackson-core-2.9.5.jar;C:\Program Files (x86)\Arduino\lib\jackson-databind-2.9.5.jar;C:\Program Files (x86)\Arduino\lib\jackson-module-mrbean-2.9.5.jar;C:\Program Files (x86)\Arduino\lib\java-semver-0.8.
Launcher Type: SUN_STANDARD

Environment Variables:
JAVA_HOME=D:\Flutter\JAVA
PATH=C:\Program Files (x86)\NVIDIA Corporation\PhysX\Common;C:\Program Files (x86)\Common Files\Oracle\Java\javapath;C:\WINDOWS\system32;C:\WINDOWS;C:\WINDOWS\System32\Wbem;C:\WINDOWS\System32\WindowsPowerShell\v1.0\;C:\WINDOWS\System32\OpenSSH\;C:\Program Files\Git\cmd;D:\Program Files\MATLAB\R2019a\bin;D:\Flutter\flutter_windows_v1.9.1+hotfix.6-stable\flutter\bin;C:\Program Files\Microsoft SQL Server\130\Tools\Binn\;C:\Program Files\dotnet\;C:\Program Files\Microsoft SQL Server\Client SDK\ODBC\110\Tools\Binn\;C:\Program Files (x86)\Microsoft SQL Server\120\Tools\Binn\;C:\Program Files\Microsoft SQL Server\120\Tools\Binn\;C:\Program Files\Microsoft SQL Server\120\DTS\Binn\;C:\Program Files (x86)\Windows Kits\8.1\Windows Performance Toolkit\;C:\OrCAD\OrCAD_16.6_Lite\tools\pcb\bin;C:\OrCAD\OrCAD_16.6_Lite\tools\fet\bin;C:\OrCAD\OrCAD_16.6_Lite\OpenAccess\bin\win32\opt;C:\OrCAD\OrCAD_16.6_Lite\tools\bin;C:\OrCAD\OrCAD_16.6_Lite\tools\Capture;C:\OrCAD\OrCAD_16.6_Lite\tools\PSpice;C:\Users\user\AppData\Local\Programs\Python\Python37-32\Scripts\;C:\Users\user\AppData\Local\Programs\Python\Python37-32\;C:\Users\user\AppData\Local\Microsoft\WindowsApps;C:\Program Files (x86)\Arduino\java\bin
USERNAME=user
OS=Windows_NT
PROCESSOR_IDENTIFIER=Intel64 Family 6 Model 78 Stepping 3, GenuineIntel



---------------  S Y S T E M  ---------------

OS: Windows 10.0 , 64 bit Build 18362 (10.0.18362.329)

CPU:total 4 (initial active 4) (2 cores per cpu, 2 threads per core) family 6 model 78 stepping 3, cmov, cx8, fxsr, mmx, sse, sse2, sse3, ssse3, sse4.1, sse4.2, popcnt, avx, avx2, aes, clmul, erms, 3dnowpref, lzcnt, ht, tsc, tscinvbit, bmi1, bmi2, adx

Memory: 4k page, physical 8281976k(1212856k free), swap 33447800k(924k free)

vm_info: Java HotSpot(TM) Client VM (25.191-b12) for windows-x86 JRE (1.8.0_191-b12), built on Oct  6 2018 08:34:23 by "java_re" with MS VC++ 10.0 (VS2010)

time: Wed Dec 04 12:33:45 2019
elapsed time: 224 seconds (0d 0h 3m 44s)

