#
# There is insufficient memory for the Java Runtime Environment to continue.
# Native memory allocation (malloc) failed to allocate 32756 bytes for ChunkPool::allocate
# Possible reasons:
#   The system is out of physical RAM or swap space
#   In 32 bit mode, the process size limit was hit
# Possible solutions:
#   Reduce memory load on the system
#   Increase physical memory or swap space
#   Check if swap backing store is full
#   Use 64 bit Java on a 64 bit OS
#   Decrease Java heap size (-Xmx/-Xms)
#   Decrease number of Java threads
#   Decrease Java thread stack sizes (-Xss)
#   Set larger code cache with -XX:ReservedCodeCacheSize=
# This output file may be truncated or incomplete.
#
#  Out of Memory Error (allocation.cpp:273), pid=10456, tid=0x00001250
#
# JRE version: Java(TM) SE Runtime Environment (8.0_191-b12) (build 1.8.0_191-b12)
# Java VM: Java HotSpot(TM) Client VM (25.191-b12 mixed mode windows-x86 )
# Failed to write core dump. Minidumps are not enabled by default on client versions of Windows
#

---------------  T H R E A D  ---------------

Current thread (0x26157c00):  JavaThread "C1 CompilerThread0" daemon [_thread_in_vm, id=4688, stack(0x266b0000,0x26700000)]

Stack: [0x266b0000,0x26700000],  sp=0x266ff068,  free space=316k
Native frames: (J=compiled Java code, j=interpreted, Vv=VM code, C=native code)
V  [jvm.dll+0x1acfeb]
V  [jvm.dll+0x1a56c8]
V  [jvm.dll+0x8de91]
V  [jvm.dll+0x8e06d]
V  [jvm.dll+0x8e4e7]
V  [jvm.dll+0x29f15]
V  [jvm.dll+0x2a04e]
V  [jvm.dll+0x20409]
V  [jvm.dll+0x20642]
V  [jvm.dll+0x2dc51]
V  [jvm.dll+0x298563]
V  [jvm.dll+0x29af56]
V  [jvm.dll+0x29b558]
V  [jvm.dll+0x29c17e]
V  [jvm.dll+0x29c377]
V  [jvm.dll+0x298d6b]
V  [jvm.dll+0x29af56]
V  [jvm.dll+0x29b976]
V  [jvm.dll+0x29f98d]
V  [jvm.dll+0x29fadb]
V  [jvm.dll+0x28cf42]
V  [jvm.dll+0x28d12b]
V  [jvm.dll+0x28d27a]
V  [jvm.dll+0x28d3e8]
V  [jvm.dll+0x28d662]
V  [jvm.dll+0x7157a]
V  [jvm.dll+0x71d2f]
V  [jvm.dll+0x17f550]
V  [jvm.dll+0x17fdca]
V  [jvm.dll+0x1c57a6]
C  [msvcr100.dll+0x5c556]
C  [msvcr100.dll+0x5c600]
C  [KERNEL32.DLL+0x16359]
C  [ntdll.dll+0x67b74]
C  [ntdll.dll+0x67b44]
C  0x00000000


Current CompileTask:
C1:2631819 5274   !         java.awt.LightweightDispatcher::eventDispatched (358 bytes)


---------------  P R O C E S S  ---------------

Java Threads: ( => current thread )
  0x29ab7000 JavaThread "JmDNS(DESKTOP-LQHOEAT.local.).State.Timer" [_thread_blocked, id=9020, stack(0x02da0000,0x02df0000)]
  0x29abc800 JavaThread "JmDNS(DESKTOP-LQHOEAT.local.).Timer" daemon [_thread_blocked, id=10580, stack(0x01060000,0x010b0000)]
  0x29abc400 JavaThread "SocketListener(DESKTOP-LQHOEAT.local.)" daemon [_thread_in_native, id=1204, stack(0x00d20000,0x00d70000)]
  0x29abbc00 JavaThread "DestroyJavaVM" [_thread_blocked, id=1504, stack(0x010f0000,0x01140000)]
  0x27ebdc00 JavaThread "TimerQueue" daemon [_thread_blocked, id=5808, stack(0x2ae70000,0x2aec0000)]
  0x27ebe800 JavaThread "AWT-EventQueue-0" [_thread_blocked, id=6116, stack(0x2a920000,0x2a970000)]
  0x27ebfc00 JavaThread "AWT-Shutdown" [_thread_blocked, id=5288, stack(0x2a890000,0x2a8e0000)]
  0x27ebf400 JavaThread "Batik CleanerThread" daemon [_thread_blocked, id=3080, stack(0x29570000,0x295c0000)]
  0x27fc5400 JavaThread "JmDNS(10-6-78-203.local.).State.Timer" [_thread_blocked, id=2208, stack(0x29100000,0x29150000)]
  0x27fc4400 JavaThread "JmDNS(10-6-78-203.local.).Timer" daemon [_thread_blocked, id=8440, stack(0x29070000,0x290c0000)]
  0x27fbf400 JavaThread "SocketListener(10-6-78-203.local.)" daemon [_thread_in_native, id=10724, stack(0x28b10000,0x28b60000)]
  0x26b15800 JavaThread "AWT-Windows" daemon [_thread_in_native, id=10468, stack(0x26f30000,0x26f80000)]
  0x26b14800 JavaThread "Java2D Disposer" daemon [_thread_blocked, id=4244, stack(0x26e10000,0x26e60000)]
  0x2617f800 JavaThread "Service Thread" daemon [_thread_blocked, id=4604, stack(0x26740000,0x26790000)]
=>0x26157c00 JavaThread "C1 CompilerThread0" daemon [_thread_in_vm, id=4688, stack(0x266b0000,0x26700000)]
  0x26156c00 JavaThread "Attach Listener" daemon [_thread_blocked, id=8892, stack(0x26620000,0x26670000)]
  0x26129c00 JavaThread "Signal Dispatcher" daemon [_thread_blocked, id=13292, stack(0x26590000,0x265e0000)]
  0x2610c000 JavaThread "Finalizer" daemon [_thread_blocked, id=8864, stack(0x26380000,0x263d0000)]
  0x26106400 JavaThread "Reference Handler" daemon [_thread_blocked, id=7108, stack(0x262f0000,0x26340000)]

Other Threads:
  0x260f1000 VMThread [stack: 0x25750000,0x257a0000] [id=224]
  0x26192c00 WatcherThread [stack: 0x267d0000,0x26820000] [id=6196]

VM state:not at safepoint (normal execution)

VM Mutex/Monitor currently owned by a thread: None

Heap:
 def new generation   total 39424K, used 25092K [0x05200000, 0x07cc0000, 0x0fca0000)
  eden space 35072K,  66% used [0x05200000, 0x068c8910, 0x07440000)
  from space 4352K,  40% used [0x07880000, 0x07a38ac0, 0x07cc0000)
  to   space 4352K,   0% used [0x07440000, 0x07440000, 0x07880000)
 tenured generation   total 87424K, used 85152K [0x0fca0000, 0x15200000, 0x25200000)
   the space 87424K,  97% used [0x0fca0000, 0x14fc8130, 0x14fc8200, 0x15200000)
 Metaspace       used 26183K, capacity 26936K, committed 27008K, reserved 27008K

Card table byte_map: [0x050e0000,0x051f0000] byte_map_base: 0x050b7000

Polling page: 0x00f20000

CodeCache: size=32768Kb used=2125Kb max_used=5246Kb free=30642Kb
 bounds [0x02fa0000, 0x034c8000, 0x04fa0000]
 total_blobs=1360 nmethods=1063 adapters=226
 compilation: enabled

Compilation events (10 events):
Event: 2630.564 Thread 0x26157c00 nmethod 5269 0x033376c8 code [0x033377e0, 0x03337914]
Event: 2630.564 Thread 0x26157c00 5270             com.sun.java.swing.plaf.windows.XPStyle::isSkinDefined (29 bytes)
Event: 2630.564 Thread 0x26157c00 nmethod 5270 0x03189808 code [0x03189910, 0x031899f8]
Event: 2630.649 Thread 0x26157c00 5271             sun.awt.im.InputMethodContext::dispatchEvent (62 bytes)
Event: 2630.650 Thread 0x26157c00 nmethod 5271 0x03083748 code [0x03083890, 0x03083acc]
Event: 2630.650 Thread 0x26157c00 5272             javax.swing.JComponent::repaint (19 bytes)
Event: 2630.650 Thread 0x26157c00 nmethod 5272 0x03043988 code [0x03043ac0, 0x03043d90]
Event: 2631.361 Thread 0x26157c00 5273             java.awt.event.MouseEvent::getX (5 bytes)
Event: 2631.361 Thread 0x26157c00 nmethod 5273 0x030437c8 code [0x030438c0, 0x03043940]
Event: 2631.722 Thread 0x26157c00 5274   !         java.awt.LightweightDispatcher::eventDispatched (358 bytes)

GC Heap History (10 events):
Event: 653.798 GC heap before
{Heap before GC invocations=18 (full 2):
 def new generation   total 39424K, used 39424K [0x05200000, 0x07cc0000, 0x0fca0000)
  eden space 35072K, 100% used [0x05200000, 0x07440000, 0x07440000)
  from space 4352K, 100% used [0x07440000, 0x07880000, 0x07880000)
  to   space 4352K,   0% used [0x07880000, 0x07880000, 0x07cc0000)
 tenured generation   total 87424K, used 76020K [0x0fca0000, 0x15200000, 0x25200000)
   the space 87424K,  86% used [0x0fca0000, 0x146dd358, 0x146dd400, 0x15200000)
 Metaspace       used 25850K, capacity 26601K, committed 26624K, reserved 27008K
Event: 653.815 GC heap after
Heap after GC invocations=19 (full 2):
 def new generation   total 39424K, used 3717K [0x05200000, 0x07cc0000, 0x0fca0000)
  eden space 35072K,   0% used [0x05200000, 0x05200000, 0x07440000)
  from space 4352K,  85% used [0x07880000, 0x07c21590, 0x07cc0000)
  to   space 4352K,   0% used [0x07440000, 0x07440000, 0x07880000)
 tenured generation   total 87424K, used 80347K [0x0fca0000, 0x15200000, 0x25200000)
   the space 87424K,  91% used [0x0fca0000, 0x14b16c90, 0x14b16e00, 0x15200000)
 Metaspace       used 25850K, capacity 26601K, committed 26624K, reserved 27008K
}
Event: 1351.686 GC heap before
{Heap before GC invocations=19 (full 2):
 def new generation   total 39424K, used 38789K [0x05200000, 0x07cc0000, 0x0fca0000)
  eden space 35072K, 100% used [0x05200000, 0x07440000, 0x07440000)
  from space 4352K,  85% used [0x07880000, 0x07c21590, 0x07cc0000)
  to   space 4352K,   0% used [0x07440000, 0x07440000, 0x07880000)
 tenured generation   total 87424K, used 80347K [0x0fca0000, 0x15200000, 0x25200000)
   the space 87424K,  91% used [0x0fca0000, 0x14b16c90, 0x14b16e00, 0x15200000)
 Metaspace       used 25863K, capacity 26606K, committed 26624K, reserved 27008K
Event: 1351.693 GC heap after
Heap after GC invocations=20 (full 2):
 def new generation   total 39424K, used 2914K [0x05200000, 0x07cc0000, 0x0fca0000)
  eden space 35072K,   0% used [0x05200000, 0x05200000, 0x07440000)
  from space 4352K,  66% used [0x07440000, 0x07718a38, 0x07880000)
  to   space 4352K,   0% used [0x07880000, 0x07880000, 0x07cc0000)
 tenured generation   total 87424K, used 83009K [0x0fca0000, 0x15200000, 0x25200000)
   the space 87424K,  94% used [0x0fca0000, 0x14db04f8, 0x14db0600, 0x15200000)
 Metaspace       used 25863K, capacity 26606K, committed 26624K, reserved 27008K
}
Event: 1797.849 GC heap before
{Heap before GC invocations=20 (full 2):
 def new generation   total 39424K, used 37986K [0x05200000, 0x07cc0000, 0x0fca0000)
  eden space 35072K, 100% used [0x05200000, 0x07440000, 0x07440000)
  from space 4352K,  66% used [0x07440000, 0x07718a38, 0x07880000)
  to   space 4352K,   0% used [0x07880000, 0x07880000, 0x07cc0000)
 tenured generation   total 87424K, used 83009K [0x0fca0000, 0x15200000, 0x25200000)
   the space 87424K,  94% used [0x0fca0000, 0x14db04f8, 0x14db0600, 0x15200000)
 Metaspace       used 25874K, capacity 26638K, committed 26752K, reserved 27008K
Event: 1797.854 GC heap after
Heap after GC invocations=21 (full 2):
 def new generation   total 39424K, used 1251K [0x05200000, 0x07cc0000, 0x0fca0000)
  eden space 35072K,   0% used [0x05200000, 0x05200000, 0x07440000)
  from space 4352K,  28% used [0x07880000, 0x079b8e70, 0x07cc0000)
  to   space 4352K,   0% used [0x07440000, 0x07440000, 0x07880000)
 tenured generation   total 87424K, used 85152K [0x0fca0000, 0x15200000, 0x25200000)
   the space 87424K,  97% used [0x0fca0000, 0x14fc8130, 0x14fc8200, 0x15200000)
 Metaspace       used 25874K, capacity 26638K, committed 26752K, reserved 27008K
}
Event: 2237.333 GC heap before
{Heap before GC invocations=21 (full 2):
 def new generation   total 39424K, used 36323K [0x05200000, 0x07cc0000, 0x0fca0000)
  eden space 35072K, 100% used [0x05200000, 0x07440000, 0x07440000)
  from space 4352K,  28% used [0x07880000, 0x079b8e70, 0x07cc0000)
  to   space 4352K,   0% used [0x07440000, 0x07440000, 0x07880000)
 tenured generation   total 87424K, used 85152K [0x0fca0000, 0x15200000, 0x25200000)
   the space 87424K,  97% used [0x0fca0000, 0x14fc8130, 0x14fc8200, 0x15200000)
 Metaspace       used 26157K, capacity 26931K, committed 27008K, reserved 27008K
Event: 2237.337 GC heap after
Heap after GC invocations=22 (full 2):
 def new generation   total 39424K, used 1797K [0x05200000, 0x07cc0000, 0x0fca0000)
  eden space 35072K,   0% used [0x05200000, 0x05200000, 0x07440000)
  from space 4352K,  41% used [0x07440000, 0x07601428, 0x07880000)
  to   space 4352K,   0% used [0x07880000, 0x07880000, 0x07cc0000)
 tenured generation   total 87424K, used 85152K [0x0fca0000, 0x15200000, 0x25200000)
   the space 87424K,  97% used [0x0fca0000, 0x14fc8130, 0x14fc8200, 0x15200000)
 Metaspace       used 26157K, capacity 26931K, committed 27008K, reserved 27008K
}
Event: 2436.724 GC heap before
{Heap before GC invocations=22 (full 2):
 def new generation   total 39424K, used 36869K [0x05200000, 0x07cc0000, 0x0fca0000)
  eden space 35072K, 100% used [0x05200000, 0x07440000, 0x07440000)
  from space 4352K,  41% used [0x07440000, 0x07601428, 0x07880000)
  to   space 4352K,   0% used [0x07880000, 0x07880000, 0x07cc0000)
 tenured generation   total 87424K, used 85152K [0x0fca0000, 0x15200000, 0x25200000)
   the space 87424K,  97% used [0x0fca0000, 0x14fc8130, 0x14fc8200, 0x15200000)
 Metaspace       used 26172K, capacity 26934K, committed 27008K, reserved 27008K
Event: 2436.727 GC heap after
Heap after GC invocations=23 (full 2):
 def new generation   total 39424K, used 1762K [0x05200000, 0x07cc0000, 0x0fca0000)
  eden space 35072K,   0% used [0x05200000, 0x05200000, 0x07440000)
  from space 4352K,  40% used [0x07880000, 0x07a38ac0, 0x07cc0000)
  to   space 4352K,   0% used [0x07440000, 0x07440000, 0x07880000)
 tenured generation   total 87424K, used 85152K [0x0fca0000, 0x15200000, 0x25200000)
   the space 87424K,  97% used [0x0fca0000, 0x14fc8130, 0x14fc8200, 0x15200000)
 Metaspace       used 26172K, capacity 26934K, committed 27008K, reserved 27008K
}

Deoptimization events (0 events):
No events

Classes redefined (0 events):
No events

Internal exceptions (10 events):
Event: 1924.441 Thread 0x27e0f000 Exception <a 'java/io/IOException'> (0x05eec9d8) thrown at [C:\workspace\8-2-build-windows-i586-cygwin\jdk8u191\11896\hotspot\src\share\vm\prims\jni.cpp, line 709]
Event: 1924.441 Thread 0x27e0f000 Exception <a 'java/io/IOException'> (0x05eed370) thrown at [C:\workspace\8-2-build-windows-i586-cygwin\jdk8u191\11896\hotspot\src\share\vm\prims\jni.cpp, line 709]
Event: 1924.441 Thread 0x27e0f000 Exception <a 'java/io/IOException'> (0x05eed7f0) thrown at [C:\workspace\8-2-build-windows-i586-cygwin\jdk8u191\11896\hotspot\src\share\vm\prims\jni.cpp, line 709]
Event: 1924.441 Thread 0x27e0f000 Exception <a 'java/io/IOException'> (0x05eeda68) thrown at [C:\workspace\8-2-build-windows-i586-cygwin\jdk8u191\11896\hotspot\src\share\vm\prims\jni.cpp, line 709]
Event: 1924.441 Thread 0x27e0f000 Exception <a 'java/io/IOException'> (0x05eee2b8) thrown at [C:\workspace\8-2-build-windows-i586-cygwin\jdk8u191\11896\hotspot\src\share\vm\prims\jni.cpp, line 709]
Event: 1924.441 Thread 0x27e0f000 Exception <a 'java/io/IOException'> (0x05eee738) thrown at [C:\workspace\8-2-build-windows-i586-cygwin\jdk8u191\11896\hotspot\src\share\vm\prims\jni.cpp, line 709]
Event: 1924.441 Thread 0x27e0f000 Exception <a 'java/io/IOException'> (0x05eee9b0) thrown at [C:\workspace\8-2-build-windows-i586-cygwin\jdk8u191\11896\hotspot\src\share\vm\prims\jni.cpp, line 709]
Event: 1924.441 Thread 0x27e0f000 Exception <a 'java/io/IOException'> (0x05eef1e0) thrown at [C:\workspace\8-2-build-windows-i586-cygwin\jdk8u191\11896\hotspot\src\share\vm\prims\jni.cpp, line 709]
Event: 1924.441 Thread 0x27e0f000 Exception <a 'java/io/IOException'> (0x05eef660) thrown at [C:\workspace\8-2-build-windows-i586-cygwin\jdk8u191\11896\hotspot\src\share\vm\prims\jni.cpp, line 709]
Event: 1924.441 Thread 0x27e0f000 Exception <a 'java/io/IOException'> (0x05eef8d8) thrown at [C:\workspace\8-2-build-windows-i586-cygwin\jdk8u191\11896\hotspot\src\share\vm\prims\jni.cpp, line 709]

Events (10 events):
Event: 2627.450 Thread 0x26157c00 flushing nmethod 0x03336bc8
Event: 2627.450 Thread 0x26157c00 flushing nmethod 0x03337f88
Event: 2628.474 Thread 0x26157c00 flushing nmethod 0x031fc488
Event: 2628.474 Thread 0x26157c00 flushing nmethod 0x0324b9c8
Event: 2628.490 Thread 0x26157c00 flushing nmethod 0x03337688
Event: 2628.490 Thread 0x26157c00 flushing nmethod 0x0340a488
Event: 2630.393 Thread 0x26157c00 flushing nmethod 0x0307b308
Event: 2630.393 Thread 0x26157c00 flushing nmethod 0x0307b648
Event: 2630.508 Thread 0x26157c00 flushing nmethod 0x032e3dc8
Event: 2630.508 Thread 0x26157c00 flushing nmethod 0x032e40c8


Dynamic libraries:
0x00340000 - 0x00373000 	C:\Program Files (x86)\Arduino\java\bin\javaw.exe
0x77cc0000 - 0x77e5a000 	C:\WINDOWS\SYSTEM32\ntdll.dll
0x75ac0000 - 0x75ba0000 	C:\WINDOWS\System32\KERNEL32.DLL
0x75f30000 - 0x7612c000 	C:\WINDOWS\System32\KERNELBASE.dll
0x77430000 - 0x774a9000 	C:\WINDOWS\System32\ADVAPI32.dll
0x75ba0000 - 0x75c5f000 	C:\WINDOWS\System32\msvcrt.dll
0x76c70000 - 0x76ce6000 	C:\WINDOWS\System32\sechost.dll
0x77610000 - 0x776cb000 	C:\WINDOWS\System32\RPCRT4.dll
0x75490000 - 0x754b0000 	C:\WINDOWS\System32\SspiCli.dll
0x75480000 - 0x7548a000 	C:\WINDOWS\System32\CRYPTBASE.dll
0x776d0000 - 0x7772f000 	C:\WINDOWS\System32\bcryptPrimitives.dll
0x77740000 - 0x778d7000 	C:\WINDOWS\System32\USER32.dll
0x762b0000 - 0x762c7000 	C:\WINDOWS\System32\win32u.dll
0x77b70000 - 0x77b91000 	C:\WINDOWS\System32\GDI32.dll
0x774b0000 - 0x7760a000 	C:\WINDOWS\System32\gdi32full.dll
0x75c70000 - 0x75cec000 	C:\WINDOWS\System32\msvcp_win.dll
0x76d40000 - 0x76e5f000 	C:\WINDOWS\System32\ucrtbase.dll
0x743a0000 - 0x745af000 	C:\WINDOWS\WinSxS\x86_microsoft.windows.common-controls_6595b64144ccf1df_6.0.18362.476_none_2e71e7f2278b4e9b\COMCTL32.dll
0x76860000 - 0x76ad6000 	C:\WINDOWS\System32\combase.dll
0x76d00000 - 0x76d25000 	C:\WINDOWS\System32\IMM32.DLL
0x560b0000 - 0x5616f000 	C:\Program Files (x86)\Arduino\java\bin\msvcr100.dll
0x526f0000 - 0x52ac3000 	C:\Program Files (x86)\Arduino\java\bin\client\jvm.dll
0x76cf0000 - 0x76cf6000 	C:\WINDOWS\System32\PSAPI.DLL
0x651b0000 - 0x651b8000 	C:\WINDOWS\SYSTEM32\WSOCK32.dll
0x6c350000 - 0x6c374000 	C:\WINDOWS\SYSTEM32\WINMM.dll
0x74dd0000 - 0x74dd8000 	C:\WINDOWS\SYSTEM32\VERSION.dll
0x76130000 - 0x7618e000 	C:\WINDOWS\System32\WS2_32.dll
0x6c230000 - 0x6c253000 	C:\WINDOWS\SYSTEM32\WINMMBASE.dll
0x75ef0000 - 0x75f2b000 	C:\WINDOWS\System32\cfgmgr32.dll
0x73c50000 - 0x73c80000 	C:\Program Files (x86)\Arduino\java\bin\splashscreen.dll
0x74a20000 - 0x74a9a000 	C:\WINDOWS\system32\uxtheme.dll
0x73c40000 - 0x73c4c000 	C:\Program Files (x86)\Arduino\java\bin\verify.dll
0x73c10000 - 0x73c32000 	C:\Program Files (x86)\Arduino\java\bin\java.dll
0x75540000 - 0x75643000 	C:\WINDOWS\System32\MSCTF.dll
0x77ad0000 - 0x77b62000 	C:\WINDOWS\System32\OLEAUT32.dll
0x73bf0000 - 0x73c04000 	C:\Program Files (x86)\Arduino\java\bin\zip.dll
0x75c60000 - 0x75c6f000 	C:\WINDOWS\System32\kernel.appcore.dll
0x621c0000 - 0x62244000 	C:\WINDOWS\System32\TextInputFramework.dll
0x59ed0000 - 0x5a12e000 	C:\WINDOWS\System32\CoreUIComponents.dll
0x5a130000 - 0x5a1b9000 	C:\WINDOWS\System32\CoreMessaging.dll
0x754b0000 - 0x75534000 	C:\WINDOWS\System32\SHCORE.dll
0x74c70000 - 0x74c99000 	C:\WINDOWS\SYSTEM32\ntmarta.dll
0x68470000 - 0x6854a000 	C:\WINDOWS\SYSTEM32\wintypes.dll
0x6bd10000 - 0x6bf39000 	C:\WINDOWS\System32\iertutil.dll
0x76ae0000 - 0x76bd7000 	C:\WINDOWS\System32\ole32.dll
0x76230000 - 0x762b0000 	C:\WINDOWS\System32\clbcatq.dll
0x762e0000 - 0x7685a000 	C:\WINDOWS\System32\SHELL32.dll
0x76e60000 - 0x77425000 	C:\WINDOWS\System32\windows.storage.dll
0x778e0000 - 0x778f7000 	C:\WINDOWS\System32\profapi.dll
0x77a80000 - 0x77ac3000 	C:\WINDOWS\System32\powrprof.dll
0x762d0000 - 0x762dd000 	C:\WINDOWS\System32\UMPDC.dll
0x761e0000 - 0x76224000 	C:\WINDOWS\System32\shlwapi.dll
0x75cf0000 - 0x75d03000 	C:\WINDOWS\System32\cryptsp.dll
0x74e00000 - 0x74ec5000 	C:\WINDOWS\SYSTEM32\PROPSYS.dll
0x738b0000 - 0x7394f000 	C:\WINDOWS\SYSTEM32\apphelp.dll
0x676a0000 - 0x676dd000 	C:\WINDOWS\system32\IME\IMETC\IMTCCFG.DLL
0x67550000 - 0x6762f000 	C:\WINDOWS\system32\IME\IMETC\IMTCCORE.DLL
0x75d30000 - 0x75e2b000 	C:\WINDOWS\System32\CRYPT32.dll
0x76d30000 - 0x76d3e000 	C:\WINDOWS\System32\MSASN1.dll
0x6a980000 - 0x6a9a1000 	C:\WINDOWS\SYSTEM32\ncrypt.dll
0x75d10000 - 0x75d29000 	C:\WINDOWS\System32\bcrypt.dll
0x6a950000 - 0x6a978000 	C:\WINDOWS\SYSTEM32\NTASN1.dll
0x61940000 - 0x619b3000 	C:\Program Files (x86)\Arduino\lib\listSerialsj.dll
0x75650000 - 0x75a99000 	C:\WINDOWS\System32\SETUPAPI.dll
0x736b0000 - 0x736cd000 	C:\Program Files (x86)\Arduino\lib\jnidispatch-4.2.2-win32-x86.dll
0x73690000 - 0x736a5000 	C:\Program Files (x86)\Arduino\java\bin\net.dll
0x74ca0000 - 0x74cf2000 	C:\WINDOWS\system32\mswsock.dll
0x73680000 - 0x7368f000 	C:\Program Files (x86)\Arduino\java\bin\nio.dll
0x525a0000 - 0x526e7000 	C:\Program Files (x86)\Arduino\java\bin\awt.dll
0x740f0000 - 0x74115000 	C:\WINDOWS\system32\DWMAPI.DLL
0x67510000 - 0x67549000 	C:\Program Files (x86)\Arduino\java\bin\fontmanager.dll
0x524a0000 - 0x5259f000 	C:\WINDOWS\system32\opengl32.dll
0x63ae0000 - 0x63b1f000 	C:\WINDOWS\SYSTEM32\GLU32.dll
0x742b0000 - 0x742c9000 	C:\WINDOWS\SYSTEM32\dxcore.dll
0x63aa0000 - 0x63ad2000 	C:\Program Files (x86)\Arduino\java\bin\t2k.dll
0x73670000 - 0x7367a000 	C:\Program Files (x86)\Arduino\java\bin\management.dll
0x53c10000 - 0x53c21000 	C:\WINDOWS\system32\napinsp.dll
0x53bf0000 - 0x53c06000 	C:\WINDOWS\system32\pnrpnsp.dll
0x676f0000 - 0x67781000 	C:\WINDOWS\SYSTEM32\DNSAPI.dll
0x77730000 - 0x77737000 	C:\WINDOWS\System32\NSI.dll
0x75420000 - 0x75452000 	C:\WINDOWS\SYSTEM32\IPHLPAPI.DLL
0x53f70000 - 0x53f7b000 	C:\WINDOWS\System32\winrnr.dll
0x53bd0000 - 0x53be6000 	C:\WINDOWS\system32\NLAapi.dll
0x53bc0000 - 0x53bd0000 	C:\WINDOWS\system32\wshbth.dll
0x67640000 - 0x67691000 	C:\WINDOWS\System32\fwpuclnt.dll
0x676e0000 - 0x676e8000 	C:\Windows\System32\rasadhlp.dll
0x68350000 - 0x68363000 	C:\WINDOWS\SYSTEM32\dhcpcsvc6.DLL
0x68330000 - 0x68345000 	C:\WINDOWS\SYSTEM32\dhcpcsvc.DLL
0x73dd0000 - 0x73dff000 	C:\WINDOWS\system32\rsaenh.dll
0x74de0000 - 0x74dfe000 	C:\WINDOWS\SYSTEM32\USERENV.dll
0x55af0000 - 0x55b13000 	C:\WINDOWS\SYSTEM32\DEVOBJ.dll
0x76190000 - 0x761d6000 	C:\WINDOWS\System32\WINTRUST.dll
0x73650000 - 0x73670000 	C:\Program Files (x86)\Arduino\java\bin\sunec.dll
0x67500000 - 0x67509000 	C:\Program Files (x86)\Arduino\java\bin\sunmscapi.dll
0x55a80000 - 0x55ae9000 	C:\Program Files (x86)\Arduino\msvcp100.dll
0x537f0000 - 0x538ae000 	C:\Program Files (x86)\Arduino\msvcr100.dll
0x292e0000 - 0x29312000 	C:\Program Files (x86)\Arduino\lib\AStylej.dll
0x53e70000 - 0x53e94000 	C:\Program Files (x86)\Arduino\java\bin\dcpr.dll
0x629a0000 - 0x62b09000 	C:\WINDOWS\SYSTEM32\WindowsCodecs.dll
0x62720000 - 0x62751000 	C:\WINDOWS\system32\dataexchange.dll
0x625b0000 - 0x62719000 	C:\WINDOWS\system32\dcomp.dll
0x736d0000 - 0x738ae000 	C:\WINDOWS\system32\d3d11.dll
0x73e00000 - 0x73ec1000 	C:\WINDOWS\system32\dxgi.dll
0x6cb80000 - 0x6cd64000 	C:\WINDOWS\system32\twinapi.appcore.dll
0x6cb60000 - 0x6cb7f000 	C:\WINDOWS\system32\RMCLIENT.dll
0x67be0000 - 0x67d04000 	C:\WINDOWS\system32\IME\IMETC\IMTCTIP.DLL
0x679f0000 - 0x67a63000 	C:\WINDOWS\SYSTEM32\policymanager.dll
0x67a70000 - 0x67bd7000 	C:\WINDOWS\SYSTEM32\DUI70.dll
0x67980000 - 0x679e5000 	C:\WINDOWS\SYSTEM32\msvcp110_win.dll
0x677f0000 - 0x678fd000 	C:\Windows\System32\IME\shared\imetip.dll
0x67790000 - 0x677e3000 	C:\WINDOWS\SYSTEM32\OLEACC.dll
0x674c0000 - 0x674eb000 	C:\Windows\System32\IME\shared\imecfm.dll
0x67410000 - 0x674b9000 	C:\WINDOWS\SYSTEM32\wer.dll
0x67200000 - 0x67389000 	C:\Windows\System32\IME\shared\mscand20.dll
0x67180000 - 0x671f7000 	C:\WINDOWS\SYSTEM32\DUser.dll
0x66f80000 - 0x67173000 	C:\WINDOWS\SYSTEM32\UIAutomationCore.DLL
0x74a10000 - 0x74a16000 	C:\WINDOWS\SYSTEM32\MSIMG32.dll
0x64000000 - 0x6401b000 	C:\Program Files (x86)\Arduino\lib\jSSC-2.8_x86.dll
0x53ea0000 - 0x53ee2000 	C:\Windows\System32\IME\SHARED\imelm.dll
0x56170000 - 0x56178000 	C:\Windows\System32\IME\SHARED\imebrokerps.dll
0x74120000 - 0x742af000 	C:\WINDOWS\SYSTEM32\dbghelp.dll

VM Arguments:
jvm_args: -Dsun.java2d.d3d=false -Djna.nosys=true -Djna.nounpack=true -Djna.boot.library.name=jnidispatch-4.2.2-win32-x86 -Djna.boot.library.path=C:\Program Files (x86)\Arduino/lib -Djssc.library.path=C:\Program Files (x86)\Arduino/lib -DAPP_DIR=C:\Program Files (x86)\Arduino -Xms128M -Xmx512M -Dfile.encoding=UTF8 -Djava.net.preferIPv4Stack=true 
java_command: processing.app.Base D:\¤j¥|¤W\esp8266\final_clearv5\final_clearv5.ino
java_class_path (initial): C:\Program Files (x86)\Arduino\lib\apple.jar;C:\Program Files (x86)\Arduino\lib\arduino-core.jar;C:\Program Files (x86)\Arduino\lib\batik-1.8.jar;C:\Program Files (x86)\Arduino\lib\batik-anim-1.8.jar;C:\Program Files (x86)\Arduino\lib\batik-awt-util-1.8.jar;C:\Program Files (x86)\Arduino\lib\batik-bridge-1.8.jar;C:\Program Files (x86)\Arduino\lib\batik-codec-1.8.jar;C:\Program Files (x86)\Arduino\lib\batik-css-1.8.jar;C:\Program Files (x86)\Arduino\lib\batik-dom-1.8.jar;C:\Program Files (x86)\Arduino\lib\batik-ext-1.8.jar;C:\Program Files (x86)\Arduino\lib\batik-gvt-1.8.jar;C:\Program Files (x86)\Arduino\lib\batik-parser-1.8.jar;C:\Program Files (x86)\Arduino\lib\batik-rasterizer-1.8.jar;C:\Program Files (x86)\Arduino\lib\batik-script-1.8.jar;C:\Program Files (x86)\Arduino\lib\batik-squiggle-1.8.jar;C:\Program Files (x86)\Arduino\lib\batik-svg-dom-1.8.jar;C:\Program Files (x86)\Arduino\lib\batik-svgpp-1.8.jar;C:\Program Files (x86)\Arduino\lib\batik-transcoder-1.8.jar;C:\Program Files (x86)\Arduino\lib\batik-util-1.8.jar;C:\Program Files (x86)\Arduino\lib\batik-xml-1.8.jar;C:\Program Files (x86)\Arduino\lib\bcpg-jdk15on-152.jar;C:\Program Files (x86)\Arduino\lib\bcprov-jdk15on-152.jar;C:\Program Files (x86)\Arduino\lib\commons-codec-1.7.jar;C:\Program Files (x86)\Arduino\lib\commons-compress-1.8.jar;C:\Program Files (x86)\Arduino\lib\commons-exec-1.1.jar;C:\Program Files (x86)\Arduino\lib\commons-httpclient-3.1.jar;C:\Program Files (x86)\Arduino\lib\commons-lang3-3.8.1.jar;C:\Program Files (x86)\Arduino\lib\commons-logging-1.0.4.jar;C:\Program Files (x86)\Arduino\lib\commons-net-3.3.jar;C:\Program Files (x86)\Arduino\lib\commons-io-2.6.jar;C:\Program Files (x86)\Arduino\lib\jackson-annotations-2.9.5.jar;C:\Program Files (x86)\Arduino\lib\jackson-core-2.9.5.jar;C:\Program Files (x86)\Arduino\lib\jackson-databind-2.9.5.jar;C:\Program Files (x86)\Arduino\lib\jackson-module-mrbean-2.9.5.jar;C:\Program Files (x86)\Arduino\lib\java-semver-0.8.
Launcher Type: SUN_STANDARD

Environment Variables:
JAVA_HOME=D:\Flutter\JAVA
PATH=C:\Program Files (x86)\NVIDIA Corporation\PhysX\Common;C:\Program Files (x86)\Common Files\Oracle\Java\javapath;C:\WINDOWS\system32;C:\WINDOWS;C:\WINDOWS\System32\Wbem;C:\WINDOWS\System32\WindowsPowerShell\v1.0\;C:\WINDOWS\System32\OpenSSH\;C:\Program Files\Git\cmd;D:\Program Files\MATLAB\R2019a\bin;D:\Flutter\flutter_windows_v1.9.1+hotfix.6-stable\flutter\bin;C:\Program Files\Microsoft SQL Server\130\Tools\Binn\;C:\Program Files\dotnet\;C:\Program Files\Microsoft SQL Server\Client SDK\ODBC\110\Tools\Binn\;C:\Program Files (x86)\Microsoft SQL Server\120\Tools\Binn\;C:\Program Files\Microsoft SQL Server\120\Tools\Binn\;C:\Program Files\Microsoft SQL Server\120\DTS\Binn\;C:\Program Files (x86)\Windows Kits\8.1\Windows Performance Toolkit\;C:\OrCAD\OrCAD_16.6_Lite\tools\pcb\bin;C:\OrCAD\OrCAD_16.6_Lite\tools\fet\bin;C:\OrCAD\OrCAD_16.6_Lite\OpenAccess\bin\win32\opt;C:\OrCAD\OrCAD_16.6_Lite\tools\bin;C:\OrCAD\OrCAD_16.6_Lite\tools\Capture;C:\OrCAD\OrCAD_16.6_Lite\tools\PSpice;C:\Users\user\AppData\Local\Programs\Python\Python37-32\Scripts\;C:\Users\user\AppData\Local\Programs\Python\Python37-32\;C:\Users\user\AppData\Local\Microsoft\WindowsApps;C:\Program Files (x86)\Arduino\java\bin
USERNAME=user
OS=Windows_NT
PROCESSOR_IDENTIFIER=Intel64 Family 6 Model 78 Stepping 3, GenuineIntel



---------------  S Y S T E M  ---------------

OS: Windows 10.0 , 64 bit Build 18362 (10.0.18362.329)

CPU:total 4 (initial active 4) (2 cores per cpu, 2 threads per core) family 6 model 78 stepping 3, cmov, cx8, fxsr, mmx, sse, sse2, sse3, ssse3, sse4.1, sse4.2, popcnt, avx, avx2, aes, clmul, erms, 3dnowpref, lzcnt, ht, tsc, tscinvbit, bmi1, bmi2, adx

Memory: 4k page, physical 8281976k(1060368k free), swap 33447800k(404k free)

vm_info: Java HotSpot(TM) Client VM (25.191-b12) for windows-x86 JRE (1.8.0_191-b12), built on Oct  6 2018 08:34:23 by "java_re" with MS VC++ 10.0 (VS2010)

time: Thu Dec 05 20:33:44 2019
elapsed time: 2631 seconds (0d 0h 43m 51s)

